Determining if the pthread_create exist failed with the following output:
Change Dir: /home/pham/enph353_ws/build/CMakeFiles/CMakeTmp

Run Build Command:"/usr/bin/make" "cmTC_99dad/fast"
/usr/bin/make -f CMakeFiles/cmTC_99dad.dir/build.make CMakeFiles/cmTC_99dad.dir/build
make[1]: Entering directory '/home/pham/enph353_ws/build/CMakeFiles/CMakeTmp'
Building C object CMakeFiles/cmTC_99dad.dir/CheckSymbolExists.c.o
/usr/bin/cc    -o CMakeFiles/cmTC_99dad.dir/CheckSymbolExists.c.o   -c /home/pham/enph353_ws/build/CMakeFiles/CMakeTmp/CheckSymbolExists.c
Linking C executable cmTC_99dad
/usr/bin/cmake -E cmake_link_script CMakeFiles/cmTC_99dad.dir/link.txt --verbose=1
/usr/bin/cc      -rdynamic CMakeFiles/cmTC_99dad.dir/CheckSymbolExists.c.o  -o cmTC_99dad 
CMakeFiles/cmTC_99dad.dir/CheckSymbolExists.c.o: In function `main':
CheckSymbolExists.c:(.text+0x1b): undefined reference to `pthread_create'
collect2: error: ld returned 1 exit status
CMakeFiles/cmTC_99dad.dir/build.make:97: recipe for target 'cmTC_99dad' failed
make[1]: *** [cmTC_99dad] Error 1
make[1]: Leaving directory '/home/pham/enph353_ws/build/CMakeFiles/CMakeTmp'
Makefile:126: recipe for target 'cmTC_99dad/fast' failed
make: *** [cmTC_99dad/fast] Error 2

File /home/pham/enph353_ws/build/CMakeFiles/CMakeTmp/CheckSymbolExists.c:
/* */
#include <pthread.h>

int main(int argc, char** argv)
{
  (void)argv;
#ifndef pthread_create
  return ((int*)(&pthread_create))[argc];
#else
  (void)argc;
  return 0;
#endif
}

Determining if the function pthread_create exists in the pthreads failed with the following output:
Change Dir: /home/pham/enph353_ws/build/CMakeFiles/CMakeTmp

Run Build Command:"/usr/bin/make" "cmTC_d6f3a/fast"
/usr/bin/make -f CMakeFiles/cmTC_d6f3a.dir/build.make CMakeFiles/cmTC_d6f3a.dir/build
make[1]: Entering directory '/home/pham/enph353_ws/build/CMakeFiles/CMakeTmp'
Building C object CMakeFiles/cmTC_d6f3a.dir/CheckFunctionExists.c.o
/usr/bin/cc   -DCHECK_FUNCTION_EXISTS=pthread_create   -o CMakeFiles/cmTC_d6f3a.dir/CheckFunctionExists.c.o   -c /usr/share/cmake-3.10/Modules/CheckFunctionExists.c
Linking C executable cmTC_d6f3a
/usr/bin/cmake -E cmake_link_script CMakeFiles/cmTC_d6f3a.dir/link.txt --verbose=1
/usr/bin/cc  -DCHECK_FUNCTION_EXISTS=pthread_create    -rdynamic CMakeFiles/cmTC_d6f3a.dir/CheckFunctionExists.c.o  -o cmTC_d6f3a -lpthreads 
/usr/bin/ld: cannot find -lpthreads
collect2: error: ld returned 1 exit status
CMakeFiles/cmTC_d6f3a.dir/build.make:97: recipe for target 'cmTC_d6f3a' failed
make[1]: *** [cmTC_d6f3a] Error 1
make[1]: Leaving directory '/home/pham/enph353_ws/build/CMakeFiles/CMakeTmp'
Makefile:126: recipe for target 'cmTC_d6f3a/fast' failed
make: *** [cmTC_d6f3a/fast] Error 2


