Determining if the pthread_create exist failed with the following output:
Change Dir: /home/pham/enph353_ws/darknet/build/CMakeFiles/CMakeTmp

Run Build Command:"/usr/bin/make" "cmTC_95a38/fast"
/usr/bin/make -f CMakeFiles/cmTC_95a38.dir/build.make CMakeFiles/cmTC_95a38.dir/build
make[1]: Entering directory '/home/pham/enph353_ws/darknet/build/CMakeFiles/CMakeTmp'
Building C object CMakeFiles/cmTC_95a38.dir/CheckSymbolExists.c.o
/usr/bin/cc   -Wall -Wno-unused-result -Wno-unknown-pragmas -Wno-unused-variable -Wfatal-errors -fPIC     -o CMakeFiles/cmTC_95a38.dir/CheckSymbolExists.c.o   -c /home/pham/enph353_ws/darknet/build/CMakeFiles/CMakeTmp/CheckSymbolExists.c
Linking C executable cmTC_95a38
/usr/bin/cmake -E cmake_link_script CMakeFiles/cmTC_95a38.dir/link.txt --verbose=1
/usr/bin/cc -Wall -Wno-unused-result -Wno-unknown-pragmas -Wno-unused-variable -Wfatal-errors -fPIC      -rdynamic CMakeFiles/cmTC_95a38.dir/CheckSymbolExists.c.o  -o cmTC_95a38 
CMakeFiles/cmTC_95a38.dir/CheckSymbolExists.c.o: In function `main':
CheckSymbolExists.c:(.text+0x1b): undefined reference to `pthread_create'
collect2: error: ld returned 1 exit status
CMakeFiles/cmTC_95a38.dir/build.make:97: recipe for target 'cmTC_95a38' failed
make[1]: *** [cmTC_95a38] Error 1
make[1]: Leaving directory '/home/pham/enph353_ws/darknet/build/CMakeFiles/CMakeTmp'
Makefile:126: recipe for target 'cmTC_95a38/fast' failed
make: *** [cmTC_95a38/fast] Error 2

File /home/pham/enph353_ws/darknet/build/CMakeFiles/CMakeTmp/CheckSymbolExists.c:
/* */
#include <pthread.h>

int main(int argc, char** argv)
{
  (void)argv;
#ifndef pthread_create
  return ((int*)(&pthread_create))[argc];
#else
  (void)argc;
  return 0;
#endif
}

Determining if the function pthread_create exists in the pthreads failed with the following output:
Change Dir: /home/pham/enph353_ws/darknet/build/CMakeFiles/CMakeTmp

Run Build Command:"/usr/bin/make" "cmTC_aaabe/fast"
/usr/bin/make -f CMakeFiles/cmTC_aaabe.dir/build.make CMakeFiles/cmTC_aaabe.dir/build
make[1]: Entering directory '/home/pham/enph353_ws/darknet/build/CMakeFiles/CMakeTmp'
Building C object CMakeFiles/cmTC_aaabe.dir/CheckFunctionExists.c.o
/usr/bin/cc   -Wall -Wno-unused-result -Wno-unknown-pragmas -Wno-unused-variable -Wfatal-errors -fPIC  -DCHECK_FUNCTION_EXISTS=pthread_create   -o CMakeFiles/cmTC_aaabe.dir/CheckFunctionExists.c.o   -c /usr/share/cmake-3.10/Modules/CheckFunctionExists.c
Linking C executable cmTC_aaabe
/usr/bin/cmake -E cmake_link_script CMakeFiles/cmTC_aaabe.dir/link.txt --verbose=1
/usr/bin/cc -Wall -Wno-unused-result -Wno-unknown-pragmas -Wno-unused-variable -Wfatal-errors -fPIC  -DCHECK_FUNCTION_EXISTS=pthread_create    -rdynamic CMakeFiles/cmTC_aaabe.dir/CheckFunctionExists.c.o  -o cmTC_aaabe -lpthreads 
/usr/bin/ld: cannot find -lpthreads
collect2: error: ld returned 1 exit status
CMakeFiles/cmTC_aaabe.dir/build.make:97: recipe for target 'cmTC_aaabe' failed
make[1]: *** [cmTC_aaabe] Error 1
make[1]: Leaving directory '/home/pham/enph353_ws/darknet/build/CMakeFiles/CMakeTmp'
Makefile:126: recipe for target 'cmTC_aaabe/fast' failed
make: *** [cmTC_aaabe/fast] Error 2


